SF:lib/models/character.dart
DA:11,1
DA:20,0
DA:21,0
DA:22,0
DA:23,0
DA:24,0
DA:25,0
DA:26,0
DA:27,0
DA:42,0
DA:53,0
DA:54,0
DA:55,0
DA:56,0
DA:57,0
DA:58,0
DA:59,0
DA:60,0
DA:61,0
DA:62,0
LF:20
LH:1
end_of_record
SF:lib/views/character_details.dart
DA:16,1
DA:29,1
DA:31,1
DA:32,1
DA:33,2
DA:35,2
DA:36,1
DA:37,1
DA:39,1
DA:40,2
DA:41,4
DA:42,1
DA:43,1
DA:49,2
DA:50,1
DA:51,1
DA:57,2
LF:17
LH:17
end_of_record
SF:lib/components/gender_icon.dart
DA:4,1
DA:11,1
DA:13,2
DA:18,0
LF:4
LH:3
end_of_record
SF:lib/components/status_badge.dart
DA:4,1
DA:11,1
DA:13,1
DA:18,1
DA:19,2
DA:21,0
DA:24,1
DA:26,1
DA:27,1
LF:9
LH:8
end_of_record
